<?xml version="1.0" encoding="UTF-8"?>
<robot generator="Robot 3.1.2 (Python 3.6.1 on win32)" generated="20191027 18:40:38.851" rpa="false">
<suite id="s1" name="Xmlresp" source="C:\Users\Pradeep\PycharmProjects\videogamesapi\xmlresp.robot">
<test id="s1-t1" name="TC_1">
<kw name="Create Session" library="RequestsLibrary">
<doc>Create Session: create a HTTP session to a server</doc>
<arguments>
<arg>mysession</arg>
<arg>${base_url}</arg>
</arguments>
<msg timestamp="20191027 18:40:39.352" level="INFO">Creating Session using : alias=mysession, url=http://thomas-bayer.com, headers={},                     cookies=None, auth=None, timeout=None, proxies=None, verify=False,                     debug=0 </msg>
<status status="PASS" starttime="20191027 18:40:39.352" endtime="20191027 18:40:39.352"></status>
</kw>
<kw name="Get Request" library="RequestsLibrary">
<doc>Send a GET request on the session object found using the
given `alias`</doc>
<arguments>
<arg>mysession</arg>
<arg>/sqlrest/CUSTOMER/15</arg>
</arguments>
<assign>
<var>${response}</var>
</assign>
<msg timestamp="20191027 18:40:39.870" level="INFO">Get Request using : alias=mysession, uri=/sqlrest/CUSTOMER/15, headers=None json=None</msg>
<msg timestamp="20191027 18:40:39.870" level="INFO">${response} = &lt;Response [200]&gt;</msg>
<status status="PASS" starttime="20191027 18:40:39.352" endtime="20191027 18:40:39.870"></status>
</kw>
<kw name="Convert To String" library="BuiltIn">
<doc>Converts the given item to a Unicode string.</doc>
<arguments>
<arg>${response.content}</arg>
</arguments>
<assign>
<var>${xml_string}</var>
</assign>
<msg timestamp="20191027 18:40:39.885" level="INFO">${xml_string} = &lt;?xml version="1.0" standalone="no"?&gt;&lt;CUSTOMER xmlns:xlink="http://www.w3.org/1999/xlink"&gt;
    &lt;ID&gt;15&lt;/ID&gt;
    &lt;FIRSTNAME&gt;Bill&lt;/FIRSTNAME&gt;
    &lt;LASTNAME&gt;Clancy&lt;/LASTNAME&gt;
    &lt;STREET&gt;319 Upland Pl.&lt;/S...</msg>
<status status="PASS" starttime="20191027 18:40:39.870" endtime="20191027 18:40:39.885"></status>
</kw>
<kw name="Parse Xml" library="XML">
<doc>Parses the given XML file or string into an element structure.</doc>
<arguments>
<arg>${xml_string}</arg>
</arguments>
<assign>
<var>${str_vrbl}</var>
</assign>
<msg timestamp="20191027 18:40:39.885" level="INFO">${str_vrbl} = &lt;Element 'CUSTOMER' at 0x0430DF00&gt;</msg>
<status status="PASS" starttime="20191027 18:40:39.885" endtime="20191027 18:40:39.885"></status>
</kw>
<kw name="Element Text Should Be" library="XML">
<doc>Verifies that the text of the specified element is ``expected``.</doc>
<arguments>
<arg>${str_vrbl}</arg>
<arg>15</arg>
<arg>.//ID</arg>
</arguments>
<assign>
<var>${ele_text}</var>
</assign>
<msg timestamp="20191027 18:40:39.885" level="INFO">${ele_text} = None</msg>
<status status="PASS" starttime="20191027 18:40:39.885" endtime="20191027 18:40:39.885"></status>
</kw>
<kw name="Log To Console" library="BuiltIn">
<doc>Logs the given message to the console.</doc>
<arguments>
<arg>${ele_text}</arg>
</arguments>
<status status="PASS" starttime="20191027 18:40:39.885" endtime="20191027 18:40:39.885"></status>
</kw>
<status status="PASS" starttime="20191027 18:40:39.352" endtime="20191027 18:40:39.885" critical="yes"></status>
</test>
<status status="PASS" starttime="20191027 18:40:38.851" endtime="20191027 18:40:39.885"></status>
</suite>
<statistics>
<total>
<stat pass="1" fail="0">Critical Tests</stat>
<stat pass="1" fail="0">All Tests</stat>
</total>
<tag>
</tag>
<suite>
<stat pass="1" fail="0" id="s1" name="Xmlresp">Xmlresp</stat>
</suite>
</statistics>
<errors>
</errors>
</robot>
